<?xml version="1.0" encoding="UTF-8"?>
<testng-results skipped="0" failed="0" ignored="0" total="1" passed="1">
  <reporter-output>
  </reporter-output>
  <suite name="Default suite" duration-ms="8309" started-at="2020-09-10T20:06:13 EDT" finished-at="2020-09-10T20:06:22 EDT">
    <groups>
    </groups>
    <test name="Default test" duration-ms="8309" started-at="2020-09-10T20:06:13 EDT" finished-at="2020-09-10T20:06:22 EDT">
      <class name="test.CategoryAlreadyExistsTest">
        <test-method status="PASS" signature="CategoryAlreadyExistsAndValidate()[pri:0, instance:test.CategoryAlreadyExistsTest@2d6eabae]" name="CategoryAlreadyExistsAndValidate" duration-ms="8238" started-at="2020-09-10T20:06:13 EDT" finished-at="2020-09-10T20:06:22 EDT">
          <reporter-output>
          </reporter-output>
        </test-method> <!-- CategoryAlreadyExistsAndValidate -->
      </class> <!-- test.CategoryAlreadyExistsTest -->
    </test> <!-- Default test -->
  </suite> <!-- Default suite -->
</testng-results>
