<?xml version="1.0" encoding="UTF-8"?>
<testng-results skipped="0" failed="0" ignored="0" total="1" passed="1">
  <reporter-output>
  </reporter-output>
  <suite name="Default suite" duration-ms="5716" started-at="2020-08-26T12:57:57 EDT" finished-at="2020-08-26T12:58:03 EDT">
    <groups>
    </groups>
    <test name="Default test" duration-ms="5716" started-at="2020-08-26T12:57:57 EDT" finished-at="2020-08-26T12:58:03 EDT">
      <class name="test.AddCategoryTest">
        <test-method status="PASS" signature="addCategoryAndValidate()[pri:0, instance:test.AddCategoryTest@2d6eabae]" name="addCategoryAndValidate" duration-ms="5688" started-at="2020-08-26T12:57:57 EDT" finished-at="2020-08-26T12:58:03 EDT">
          <reporter-output>
          </reporter-output>
        </test-method> <!-- addCategoryAndValidate -->
      </class> <!-- test.AddCategoryTest -->
    </test> <!-- Default test -->
  </suite> <!-- Default suite -->
</testng-results>
